[  0%] Building CXX object _deps/tbb-build/src/tbbmalloc/CMakeFiles/tbbmalloc.dir/backend.cpp.o
[  0%] Building CXX object _deps/tbb-build/src/tbbmalloc/CMakeFiles/tbbmalloc.dir/backref.cpp.o
[  0%] Building CXX object _deps/vecmem-build/core/CMakeFiles/vecmem_core.dir/src/memory/details/is_aligned.cpp.o
[  0%] Building CXX object _deps/vecmem-build/core/CMakeFiles/vecmem_core.dir/src/memory/allocator.cpp.o
[  0%] Building CXX object _deps/tbb-build/src/tbbmalloc/CMakeFiles/tbbmalloc.dir/frontend.cpp.o
[  0%] Building CXX object _deps/vecmem-build/core/CMakeFiles/vecmem_core.dir/src/memory/details/memory_resource_base.cpp.o
[  0%] Building CXX object _deps/tbb-build/src/tbbmalloc/CMakeFiles/tbbmalloc.dir/tbbmalloc.cpp.o
[  0%] Building CXX object _deps/tbb-build/src/tbbmalloc/CMakeFiles/tbbmalloc.dir/large_objects.cpp.o
[  1%] Building CXX object _deps/tbb-build/src/tbbbind/CMakeFiles/tbbbind_2_5.dir/tbb_bind.cpp.o
[  1%] Building CXX object examples/utils/CMakeFiles/traccc_utils.dir/src/printable.cpp.o
[  1%] Building CXX object _deps/tbb-build/src/tbb/CMakeFiles/tbb.dir/address_waiter.cpp.o
[  1%] Building CXX object _deps/vecmem-build/core/CMakeFiles/vecmem_core.dir/src/memory/host_memory_resource.cpp.o
[  2%] Building CXX object _deps/benchmark-build/src/CMakeFiles/benchmark.dir/benchmark.cc.o
[  2%] Built target traccc_benchmarks_common
[  2%] Building CXX object _deps/googletest-build/googletest/CMakeFiles/gtest.dir/src/gtest-all.cc.o
[  2%] Building CXX object _deps/tbb-build/src/tbb/CMakeFiles/tbb.dir/allocator.cpp.o
[  2%] Building CXX object _deps/acts-build/Core/CMakeFiles/ActsCore.dir/src/ActsVersion.cpp.o
[  2%] Building CXX object _deps/vecmem-build/core/CMakeFiles/vecmem_core.dir/src/memory/details/arena_memory_resource_impl.cpp.o
[  2%] Building CXX object _deps/vecmem-build/core/CMakeFiles/vecmem_core.dir/src/memory/arena_memory_resource.cpp.o
[  2%] Building CXX object _deps/acts-build/Core/CMakeFiles/ActsCore.dir/src/EventData/PrintParameters.cpp.o
[  2%] Building CXX object _deps/vecmem-build/core/CMakeFiles/vecmem_core.dir/src/memory/details/binary_page_memory_resource_impl.cpp.o
[  2%] Building CXX object _deps/vecmem-build/core/CMakeFiles/vecmem_core.dir/src/memory/binary_page_memory_resource.cpp.o
[  2%] Building CXX object _deps/benchmark-build/src/CMakeFiles/benchmark.dir/benchmark_api_internal.cc.o
[  2%] Building CXX object _deps/benchmark-build/src/CMakeFiles/benchmark.dir/benchmark_name.cc.o
[  2%] Linking CXX shared library ../../lib/libtraccc_utils.so
[  2%] Built target traccc_utils
[  2%] Building CXX object _deps/benchmark-build/src/CMakeFiles/benchmark.dir/benchmark_register.cc.o
[  2%] Building CXX object _deps/tbb-build/src/tbb/CMakeFiles/tbb.dir/arena.cpp.o
[  3%] Building CXX object _deps/benchmark-build/src/CMakeFiles/benchmark.dir/benchmark_runner.cc.o
[  3%] Building CXX object _deps/benchmark-build/src/CMakeFiles/benchmark.dir/check.cc.o
[  3%] Building CXX object _deps/benchmark-build/src/CMakeFiles/benchmark.dir/colorprint.cc.o
[  3%] Building CXX object _deps/tbb-build/src/tbbmalloc/CMakeFiles/tbbmalloc.dir/__/tbb/itt_notify.cpp.o
[  3%] Building CXX object _deps/tbb-build/src/tbb/CMakeFiles/tbb.dir/arena_slot.cpp.o
[  3%] Building CXX object _deps/benchmark-build/src/CMakeFiles/benchmark.dir/commandlineflags.cc.o
[  3%] Building CXX object _deps/vecmem-build/core/CMakeFiles/vecmem_core.dir/src/memory/details/pool_memory_resource_impl.cpp.o
[  3%] Building CXX object _deps/benchmark-build/src/CMakeFiles/benchmark.dir/complexity.cc.o
[  3%] Building CXX object _deps/benchmark-build/src/CMakeFiles/benchmark.dir/console_reporter.cc.o
[  3%] Building CXX object _deps/benchmark-build/src/CMakeFiles/benchmark.dir/counter.cc.o
[  5%] Linking CXX shared library ../../../../gnu_13.3_cxx20_64_relwithdebinfo/libtbbbind_2_5.so
[  5%] Built target tbbbind_2_5
[  6%] Building CXX object _deps/benchmark-build/src/CMakeFiles/benchmark.dir/csv_reporter.cc.o
[  6%] Building CXX object _deps/benchmark-build/src/CMakeFiles/benchmark.dir/json_reporter.cc.o
[  6%] Building CXX object _deps/benchmark-build/src/CMakeFiles/benchmark.dir/perf_counters.cc.o
[  6%] Building CXX object _deps/benchmark-build/src/CMakeFiles/benchmark.dir/reporter.cc.o
[  7%] Linking C shared library ../../../../gnu_13.3_cxx20_64_relwithdebinfo/libtbbmalloc.so
[  7%] Building CXX object _deps/acts-build/Core/CMakeFiles/ActsCore.dir/src/EventData/TrackParameters.cpp.o
[  7%] Built target tbbmalloc
[  7%] Building CXX object _deps/vecmem-build/core/CMakeFiles/vecmem_core.dir/src/memory/pool_memory_resource.cpp.o
[  8%] Building CXX object _deps/vecmem-build/core/CMakeFiles/vecmem_core.dir/src/memory/details/choice_memory_resource_impl.cpp.o
[  8%] Building CXX object _deps/tbb-build/src/tbbmalloc_proxy/CMakeFiles/tbbmalloc_proxy.dir/function_replacement.cpp.o
[  8%] Building CXX object _deps/benchmark-build/src/CMakeFiles/benchmark.dir/statistics.cc.o
[  8%] Building CXX object _deps/benchmark-build/src/CMakeFiles/benchmark.dir/string_util.cc.o
[  8%] Building CXX object _deps/vecmem-build/core/CMakeFiles/vecmem_core.dir/src/memory/choice_memory_resource.cpp.o
[  8%] Building CXX object _deps/tbb-build/src/tbbmalloc_proxy/CMakeFiles/tbbmalloc_proxy.dir/proxy.cpp.o
[  8%] Building CXX object _deps/benchmark-build/src/CMakeFiles/benchmark.dir/sysinfo.cc.o
[ 10%] Building CXX object _deps/benchmark-build/src/CMakeFiles/benchmark.dir/timers.cc.o
[ 10%] Building CXX object _deps/vecmem-build/core/CMakeFiles/vecmem_core.dir/src/memory/details/coalescing_memory_resource_impl.cpp.o
[ 10%] Building CXX object _deps/vecmem-build/core/CMakeFiles/vecmem_core.dir/src/memory/coalescing_memory_resource.cpp.o
[ 10%] Building CXX object _deps/acts-build/Core/CMakeFiles/ActsCore.dir/src/EventData/TransformationHelpers.cpp.o
[ 10%] Building CXX object _deps/vecmem-build/core/CMakeFiles/vecmem_core.dir/src/memory/details/conditional_memory_resource_impl.cpp.o
[ 10%] Building CXX object _deps/tbb-build/src/tbb/CMakeFiles/tbb.dir/concurrent_bounded_queue.cpp.o
[ 10%] Building CXX object _deps/vecmem-build/core/CMakeFiles/vecmem_core.dir/src/memory/conditional_memory_resource.cpp.o
[ 10%] Building CXX object _deps/tbb-build/src/tbb/CMakeFiles/tbb.dir/dynamic_link.cpp.o
[ 10%] Building CXX object _deps/acts-build/Core/CMakeFiles/ActsCore.dir/src/EventData/CorrectedTransformationFreeToBound.cpp.o
[ 10%] Building CXX object _deps/vecmem-build/core/CMakeFiles/vecmem_core.dir/src/memory/details/contiguous_memory_resource_impl.cpp.o
[ 11%] Building CXX object _deps/vecmem-build/core/CMakeFiles/vecmem_core.dir/src/memory/contiguous_memory_resource.cpp.o
[ 11%] Building CXX object _deps/vecmem-build/core/CMakeFiles/vecmem_core.dir/src/memory/details/debug_memory_resource_impl.cpp.o
[ 11%] Building CXX object _deps/vecmem-build/core/CMakeFiles/vecmem_core.dir/src/memory/debug_memory_resource.cpp.o
[ 11%] Building CXX object _deps/acts-build/Core/CMakeFiles/ActsCore.dir/src/EventData/TrackStatePropMask.cpp.o
[ 11%] Building CXX object _deps/vecmem-build/core/CMakeFiles/vecmem_core.dir/src/memory/identity_memory_resource.cpp.o
[ 11%] Linking CXX shared library ../../../../gnu_13.3_cxx20_64_relwithdebinfo/libtbbmalloc_proxy.so
[ 11%] Building CXX object _deps/vecmem-build/core/CMakeFiles/vecmem_core.dir/src/memory/details/instrumenting_memory_resource_impl.cpp.o
[ 11%] Built target tbbmalloc_proxy
[ 12%] Building CXX object _deps/tbb-build/src/tbb/CMakeFiles/tbb.dir/exception.cpp.o
[ 12%] Building CXX object _deps/tbb-build/src/tbb/CMakeFiles/tbb.dir/governor.cpp.o
[ 12%] Building CXX object _deps/tbb-build/src/tbb/CMakeFiles/tbb.dir/global_control.cpp.o
[ 12%] Building CXX object _deps/tbb-build/src/tbb/CMakeFiles/tbb.dir/itt_notify.cpp.o
[ 12%] Building CXX object _deps/vecmem-build/core/CMakeFiles/vecmem_core.dir/src/memory/instrumenting_memory_resource.cpp.o
[ 12%] Building CXX object _deps/acts-build/Core/CMakeFiles/ActsCore.dir/src/EventData/VectorMultiTrajectory.cpp.o
[ 13%] Building CXX object _deps/acts-build/Core/CMakeFiles/ActsCore.dir/src/EventData/VectorTrackContainer.cpp.o
[ 13%] Building CXX object _deps/tbb-build/src/tbb/CMakeFiles/tbb.dir/main.cpp.o
[ 13%] Building CXX object _deps/tbb-build/src/tbb/CMakeFiles/tbb.dir/market.cpp.o
[ 13%] Building CXX object _deps/tbb-build/src/tbb/CMakeFiles/tbb.dir/tcm_adaptor.cpp.o
[ 15%] Building CXX object _deps/tbb-build/src/tbb/CMakeFiles/tbb.dir/misc.cpp.o
[ 15%] Building CXX object _deps/acts-build/Core/CMakeFiles/ActsCore.dir/src/EventData/TrackParameterHelpers.cpp.o
[ 15%] Building CXX object _deps/tbb-build/src/tbb/CMakeFiles/tbb.dir/misc_ex.cpp.o
[ 15%] Building CXX object _deps/vecmem-build/core/CMakeFiles/vecmem_core.dir/src/memory/terminal_memory_resource.cpp.o
[ 16%] Building CXX object _deps/vecmem-build/core/CMakeFiles/vecmem_core.dir/src/memory/synchronized_memory_resource.cpp.o
[ 16%] Building CXX object _deps/tbb-build/src/tbb/CMakeFiles/tbb.dir/observer_proxy.cpp.o
[ 16%] Building CXX object _deps/tbb-build/src/tbb/CMakeFiles/tbb.dir/parallel_pipeline.cpp.o
[ 16%] Building CXX object _deps/acts-build/Core/CMakeFiles/ActsCore.dir/src/Definitions/Common.cpp.o
[ 16%] Building CXX object _deps/tbb-build/src/tbb/CMakeFiles/tbb.dir/private_server.cpp.o
[ 16%] Building CXX object _deps/vecmem-build/core/CMakeFiles/vecmem_core.dir/src/utils/copy.cpp.o
[ 16%] Building CXX object _deps/acts-build/Core/CMakeFiles/ActsCore.dir/src/Definitions/Direction.cpp.o
[ 16%] Building CXX object _deps/acts-build/Core/CMakeFiles/ActsCore.dir/src/Definitions/ParticleData.cpp.o
[ 16%] Building CXX object _deps/tbb-build/src/tbb/CMakeFiles/tbb.dir/profiling.cpp.o
[ 16%] Building CXX object _deps/tbb-build/src/tbb/CMakeFiles/tbb.dir/rml_tbb.cpp.o
[ 17%] Building CXX object _deps/tbb-build/src/tbb/CMakeFiles/tbb.dir/rtm_mutex.cpp.o
[ 17%] Building CXX object _deps/tbb-build/src/tbb/CMakeFiles/tbb.dir/rtm_rw_mutex.cpp.o
[ 17%] Building CXX object _deps/tbb-build/src/tbb/CMakeFiles/tbb.dir/semaphore.cpp.o
[ 17%] Linking CXX static library ../../../lib/libbenchmark.a
[ 17%] Building CXX object _deps/vecmem-build/core/CMakeFiles/vecmem_core.dir/src/utils/memory_monitor.cpp.o
[ 17%] Building CXX object _deps/acts-build/Core/CMakeFiles/ActsCore.dir/src/Detector/detail/BlueprintHelper.cpp.o
[ 17%] Building CXX object _deps/acts-build/Core/CMakeFiles/ActsCore.dir/src/Detector/detail/BlueprintDrawer.cpp.o
[ 17%] Built target benchmark
[ 18%] Building CXX object _deps/acts-build/Core/CMakeFiles/ActsCore.dir/src/Detector/detail/CuboidalDetectorHelper.cpp.o
[ 18%] Building CXX object _deps/tbb-build/src/tbb/CMakeFiles/tbb.dir/small_object_pool.cpp.o
[ 18%] Building CXX object _deps/acts-build/Core/CMakeFiles/ActsCore.dir/src/Detector/detail/CylindricalDetectorHelper.cpp.o
[ 18%] Building CXX object _deps/acts-build/Core/CMakeFiles/ActsCore.dir/src/Detector/detail/DetectorVolumeConsistency.cpp.o
[ 18%] Building CXX object _deps/acts-build/Core/CMakeFiles/ActsCore.dir/src/Detector/detail/PortalHelper.cpp.o
[ 18%] Linking CXX shared library ../../../lib/libvecmem_core.so
[ 18%] Building CXX object _deps/tbb-build/src/tbb/CMakeFiles/tbb.dir/task.cpp.o
[ 18%] Building CXX object _deps/tbb-build/src/tbb/CMakeFiles/tbb.dir/task_dispatcher.cpp.o
[ 18%] Building CXX object _deps/tbb-build/src/tbb/CMakeFiles/tbb.dir/task_group_context.cpp.o
[ 18%] Built target vecmem_core
[ 18%] Building CXX object _deps/benchmark-build/src/CMakeFiles/benchmark_main.dir/benchmark_main.cc.o
[ 20%] Building CXX object _deps/tbb-build/src/tbb/CMakeFiles/tbb.dir/thread_dispatcher.cpp.o
[ 20%] Linking CXX static library ../../../lib/libbenchmark_main.a
[ 20%] Built target benchmark_main
[ 20%] Building CXX object _deps/tbb-build/src/tbb/CMakeFiles/tbb.dir/thread_request_serializer.cpp.o
[ 20%] Building CXX object _deps/vecmem-build/cuda/CMakeFiles/vecmem_cuda.dir/src/memory/device_memory_resource.cpp.o
[ 20%] Building CXX object _deps/tbb-build/src/tbb/CMakeFiles/tbb.dir/threading_control.cpp.o
[ 20%] Building CXX object _deps/tbb-build/src/tbb/CMakeFiles/tbb.dir/version.cpp.o
[ 20%] Building CXX object _deps/vecmem-build/cuda/CMakeFiles/vecmem_cuda.dir/src/memory/host_memory_resource.cpp.o
[ 20%] Building CXX object _deps/vecmem-build/cuda/CMakeFiles/vecmem_cuda.dir/src/memory/managed_memory_resource.cpp.o
[ 21%] Building CXX object _deps/vecmem-build/cuda/CMakeFiles/vecmem_cuda.dir/src/utils/cuda/copy.cpp.o
[ 21%] Building CXX object _deps/acts-build/Core/CMakeFiles/ActsCore.dir/src/Detector/detail/ProtoMaterialHelper.cpp.o
[ 21%] Building CXX object _deps/tbb-build/src/tbb/CMakeFiles/tbb.dir/queuing_rw_mutex.cpp.o
[ 21%] Building CXX object _deps/vecmem-build/cuda/CMakeFiles/vecmem_cuda.dir/src/utils/cuda/async_copy.cpp.o
[ 21%] Building CXX object _deps/acts-build/Core/CMakeFiles/ActsCore.dir/src/Detector/detail/SupportSurfacesHelper.cpp.o
[ 21%] Building CXX object _deps/vecmem-build/cuda/CMakeFiles/vecmem_cuda.dir/src/utils/cuda_error_handling.cpp.o
[ 21%] Building CXX object _deps/acts-build/Core/CMakeFiles/ActsCore.dir/src/Detector/detail/IndexedGridFiller.cpp.o
[ 21%] Building CXX object _deps/vecmem-build/cuda/CMakeFiles/vecmem_cuda.dir/src/utils/cuda_wrappers.cpp.o
[ 21%] Building CXX object _deps/vecmem-build/cuda/CMakeFiles/vecmem_cuda.dir/src/utils/get_device_name.cpp.o
[ 21%] Building CXX object _deps/vecmem-build/cuda/CMakeFiles/vecmem_cuda.dir/src/utils/select_device.cpp.o
[ 21%] Building CXX object _deps/vecmem-build/cuda/CMakeFiles/vecmem_cuda.dir/src/utils/stream_wrapper.cpp.o
[ 22%] Building CXX object _deps/acts-build/Core/CMakeFiles/ActsCore.dir/src/Detector/CylindricalContainerBuilder.cpp.o
[ 22%] Building CXX object _deps/acts-build/Core/CMakeFiles/ActsCore.dir/src/Detector/CuboidalContainerBuilder.cpp.o
[ 22%] Building CXX object _deps/acts-build/Core/CMakeFiles/ActsCore.dir/src/Detector/Detector.cpp.o
[ 22%] Linking CXX shared library ../../../../gnu_13.3_cxx20_64_relwithdebinfo/libtbb.so
[ 24%] Linking CXX shared library ../../../lib/libvecmem_cuda.so
[ 24%] Built target vecmem_cuda
[ 24%] Building CXX object _deps/acts-build/Core/CMakeFiles/ActsCore.dir/src/Detector/DetectorBuilder.cpp.o
[ 24%] Built target tbb
[ 24%] Building CXX object _deps/acts-build/Core/CMakeFiles/ActsCore.dir/src/Detector/DetectorVolume.cpp.o
[ 24%] Building CXX object _deps/acts-build/Core/CMakeFiles/ActsCore.dir/src/Detector/DetectorVolumeBuilder.cpp.o
[ 24%] Linking CXX shared library ../../../lib/libgtest.so
[ 24%] Built target gtest
[ 24%] Building CXX object _deps/acts-build/Core/CMakeFiles/ActsCore.dir/src/Detector/IndexedRootVolumeFinderBuilder.cpp.o
[ 24%] Building CXX object _deps/googletest-build/googlemock/CMakeFiles/gmock.dir/src/gmock-all.cc.o
[ 25%] Building CXX object _deps/acts-build/Core/CMakeFiles/ActsCore.dir/src/Detector/LayerStructureBuilder.cpp.o
[ 25%] Building CXX object _deps/acts-build/Core/CMakeFiles/ActsCore.dir/src/Detector/Portal.cpp.o
[ 25%] Building CXX object _deps/acts-build/Core/CMakeFiles/ActsCore.dir/src/Detector/PortalGenerators.cpp.o
[ 25%] Building CXX object _deps/acts-build/Core/CMakeFiles/ActsCore.dir/src/Detector/ProtoDetector.cpp.o
[ 25%] Building CXX object _deps/acts-build/Core/CMakeFiles/ActsCore.dir/src/Detector/GeometryIdGenerator.cpp.o
[ 25%] Building CXX object _deps/acts-build/Core/CMakeFiles/ActsCore.dir/src/Detector/VolumeStructureBuilder.cpp.o
[ 25%] Building CXX object _deps/acts-build/Core/CMakeFiles/ActsCore.dir/src/Detector/MultiWireStructureBuilder.cpp.o
[ 26%] Building CXX object _deps/acts-build/Core/CMakeFiles/ActsCore.dir/src/Geometry/ConeLayer.cpp.o
[ 26%] Linking CXX shared library ../../../lib/libgmock.so
[ 26%] Building CXX object _deps/acts-build/Core/CMakeFiles/ActsCore.dir/src/Geometry/ConeVolumeBounds.cpp.o
[ 26%] Built target gmock
[ 26%] Building CXX object _deps/googletest-build/googletest/CMakeFiles/gtest_main.dir/src/gtest_main.cc.o
[ 26%] Building CXX object tests/cuda/CMakeFiles/traccc_tests_cuda_main.dir/cuda_main.cpp.o
[ 26%] Linking CXX shared library ../../../lib/libgtest_main.so
[ 26%] Building CXX object _deps/acts-build/Core/CMakeFiles/ActsCore.dir/src/Geometry/CuboidVolumeBounds.cpp.o
[ 26%] Built target gtest_main
[ 26%] Building CXX object _deps/acts-build/Core/CMakeFiles/ActsCore.dir/src/Geometry/CuboidVolumeBuilder.cpp.o
[ 26%] Building CXX object _deps/googletest-build/googlemock/CMakeFiles/gmock_main.dir/src/gmock_main.cc.o
[ 26%] Building CXX object _deps/acts-build/Core/CMakeFiles/ActsCore.dir/src/Geometry/CutoutCylinderVolumeBounds.cpp.o
[ 26%] Building CXX object _deps/acts-build/Core/CMakeFiles/ActsCore.dir/src/Geometry/CylinderLayer.cpp.o
[ 26%] Linking CXX static library ../../lib/libtraccc_tests_cuda_main.a
[ 26%] Built target traccc_tests_cuda_main
[ 26%] Building CXX object _deps/acts-build/Core/CMakeFiles/ActsCore.dir/src/Geometry/CylinderVolumeBounds.cpp.o
[ 27%] Building CXX object _deps/acts-build/Core/CMakeFiles/ActsCore.dir/src/Geometry/CylinderVolumeBuilder.cpp.o
[ 27%] Building CXX object _deps/acts-build/Core/CMakeFiles/ActsCore.dir/src/Geometry/CylinderVolumeHelper.cpp.o
[ 27%] Building CXX object _deps/acts-build/Core/CMakeFiles/ActsCore.dir/src/Geometry/Extent.cpp.o
[ 27%] Linking CXX shared library ../../../lib/libgmock_main.so
[ 27%] Built target gmock_main
[ 27%] Building CXX object _deps/acts-build/Core/CMakeFiles/ActsCore.dir/src/Geometry/KDTreeTrackingGeometryBuilder.cpp.o
[ 27%] Building CXX object _deps/acts-build/Core/CMakeFiles/ActsCore.dir/src/Geometry/DiscLayer.cpp.o
[ 27%] Building CXX object _deps/acts-build/Core/CMakeFiles/ActsCore.dir/src/Geometry/GenericApproachDescriptor.cpp.o
[ 27%] Building CXX object _deps/acts-build/Core/CMakeFiles/ActsCore.dir/src/Geometry/GenericCuboidVolumeBounds.cpp.o
[ 29%] Building CXX object _deps/acts-build/Core/CMakeFiles/ActsCore.dir/src/Geometry/GeometryIdentifier.cpp.o
[ 29%] Building CXX object _deps/acts-build/Core/CMakeFiles/ActsCore.dir/src/Geometry/GlueVolumesDescriptor.cpp.o
[ 29%] Building CXX object _deps/acts-build/Core/CMakeFiles/ActsCore.dir/src/Geometry/Layer.cpp.o
[ 29%] Building CXX object _deps/acts-build/Core/CMakeFiles/ActsCore.dir/src/Geometry/LayerArrayCreator.cpp.o
[ 29%] Building CXX object _deps/acts-build/Core/CMakeFiles/ActsCore.dir/src/Geometry/LayerCreator.cpp.o
[ 29%] Building CXX object _deps/acts-build/Core/CMakeFiles/ActsCore.dir/src/Geometry/NavigationLayer.cpp.o
[ 29%] Building CXX object _deps/acts-build/Core/CMakeFiles/ActsCore.dir/src/Geometry/PassiveLayerBuilder.cpp.o
[ 30%] Building CXX object _deps/acts-build/Core/CMakeFiles/ActsCore.dir/src/Geometry/PlaneLayer.cpp.o
[ 30%] Building CXX object _deps/acts-build/Core/CMakeFiles/ActsCore.dir/src/Geometry/Polyhedron.cpp.o
[ 30%] Building CXX object _deps/acts-build/Core/CMakeFiles/ActsCore.dir/src/Geometry/ProtoLayer.cpp.o
[ 30%] Building CXX object _deps/acts-build/Core/CMakeFiles/ActsCore.dir/src/Geometry/ProtoLayerHelper.cpp.o
[ 30%] Building CXX object _deps/acts-build/Core/CMakeFiles/ActsCore.dir/src/Geometry/SurfaceArrayCreator.cpp.o
[ 30%] Building CXX object _deps/acts-build/Core/CMakeFiles/ActsCore.dir/src/Geometry/TrackingGeometry.cpp.o
[ 30%] Building CXX object _deps/acts-build/Core/CMakeFiles/ActsCore.dir/src/Geometry/TrackingGeometryBuilder.cpp.o
[ 31%] Building CXX object _deps/acts-build/Core/CMakeFiles/ActsCore.dir/src/Geometry/TrackingVolume.cpp.o
[ 31%] Building CXX object _deps/acts-build/Core/CMakeFiles/ActsCore.dir/src/Geometry/TrackingVolumeArrayCreator.cpp.o
[ 31%] Building CXX object _deps/acts-build/Core/CMakeFiles/ActsCore.dir/src/Geometry/TrapezoidVolumeBounds.cpp.o
[ 31%] Building CXX object _deps/acts-build/Core/CMakeFiles/ActsCore.dir/src/Geometry/Volume.cpp.o
[ 31%] Building CXX object _deps/acts-build/Core/CMakeFiles/ActsCore.dir/src/Geometry/VolumeBounds.cpp.o
[ 31%] Building CXX object _deps/acts-build/Core/CMakeFiles/ActsCore.dir/src/Geometry/CylinderVolumeStack.cpp.o
[ 31%] Building CXX object _deps/acts-build/Core/CMakeFiles/ActsCore.dir/src/Geometry/Portal.cpp.o
[ 32%] Building CXX object _deps/acts-build/Core/CMakeFiles/ActsCore.dir/src/Geometry/GridPortalLink.cpp.o
[ 32%] Building CXX object _deps/acts-build/Core/CMakeFiles/ActsCore.dir/src/Geometry/GridPortalLinkMerging.cpp.o
[ 32%] Building CXX object _deps/acts-build/Core/CMakeFiles/ActsCore.dir/src/Geometry/TrivialPortalLink.cpp.o
[ 32%] Building CXX object _deps/acts-build/Core/CMakeFiles/ActsCore.dir/src/Geometry/CompositePortalLink.cpp.o
[ 32%] Building CXX object _deps/acts-build/Core/CMakeFiles/ActsCore.dir/src/Geometry/PortalLinkBase.cpp.o
[ 32%] Building CXX object _deps/acts-build/Core/CMakeFiles/ActsCore.dir/src/Geometry/PortalError.cpp.o
[ 32%] Building CXX object _deps/acts-build/Core/CMakeFiles/ActsCore.dir/src/Geometry/PortalShell.cpp.o
[ 34%] Building CXX object _deps/acts-build/Core/CMakeFiles/ActsCore.dir/src/Geometry/BlueprintNode.cpp.o
[ 34%] Building CXX object _deps/acts-build/Core/CMakeFiles/ActsCore.dir/src/Geometry/Blueprint.cpp.o
[ 34%] Building CXX object _deps/acts-build/Core/CMakeFiles/ActsCore.dir/src/Geometry/BlueprintOptions.cpp.o
[ 34%] Building CXX object _deps/acts-build/Core/CMakeFiles/ActsCore.dir/src/Geometry/CylinderContainerBlueprintNode.cpp.o
[ 34%] Building CXX object _deps/acts-build/Core/CMakeFiles/ActsCore.dir/src/Geometry/StaticBlueprintNode.cpp.o
[ 34%] Building CXX object _deps/acts-build/Core/CMakeFiles/ActsCore.dir/src/Geometry/LayerBlueprintNode.cpp.o
[ 34%] Building CXX object _deps/acts-build/Core/CMakeFiles/ActsCore.dir/src/Geometry/MaterialDesignatorBlueprintNode.cpp.o
[ 35%] Building CXX object _deps/acts-build/Core/CMakeFiles/ActsCore.dir/src/MagneticField/BFieldMapUtils.cpp.o
[ 35%] Building CXX object _deps/acts-build/Core/CMakeFiles/ActsCore.dir/src/MagneticField/SolenoidBField.cpp.o
[ 35%] Building CXX object _deps/acts-build/Core/CMakeFiles/ActsCore.dir/src/MagneticField/MagneticFieldError.cpp.o
[ 35%] Building CXX object _deps/acts-build/Core/CMakeFiles/ActsCore.dir/src/MagneticField/MultiRangeBField.cpp.o
[ 35%] Building CXX object _deps/acts-build/Core/CMakeFiles/ActsCore.dir/src/Material/AccumulatedMaterialSlab.cpp.o
[ 35%] Building CXX object _deps/acts-build/Core/CMakeFiles/ActsCore.dir/src/Material/AccumulatedSurfaceMaterial.cpp.o
[ 35%] Building CXX object _deps/acts-build/Core/CMakeFiles/ActsCore.dir/src/Material/AccumulatedVolumeMaterial.cpp.o
[ 36%] Building CXX object _deps/acts-build/Core/CMakeFiles/ActsCore.dir/src/Material/AverageMaterials.cpp.o
[ 36%] Building CXX object _deps/acts-build/Core/CMakeFiles/ActsCore.dir/src/Material/BinnedSurfaceMaterial.cpp.o
[ 36%] Building CXX object _deps/acts-build/Core/CMakeFiles/ActsCore.dir/src/Material/BinnedSurfaceMaterialAccumulater.cpp.o
[ 36%] Building CXX object _deps/acts-build/Core/CMakeFiles/ActsCore.dir/src/Material/HomogeneousSurfaceMaterial.cpp.o
[ 36%] Building CXX object _deps/acts-build/Core/CMakeFiles/ActsCore.dir/src/Material/HomogeneousVolumeMaterial.cpp.o
[ 36%] Building CXX object _deps/acts-build/Core/CMakeFiles/ActsCore.dir/src/Material/Interactions.cpp.o
[ 36%] Building CXX object _deps/acts-build/Core/CMakeFiles/ActsCore.dir/src/Material/IntersectionMaterialAssigner.cpp.o
[ 37%] Building CXX object _deps/acts-build/Core/CMakeFiles/ActsCore.dir/src/Material/Material.cpp.o
[ 37%] Building CXX object _deps/acts-build/Core/CMakeFiles/ActsCore.dir/src/Material/MaterialGridHelper.cpp.o
[ 37%] Building CXX object _deps/acts-build/Core/CMakeFiles/ActsCore.dir/src/Material/MaterialInteractionAssignment.cpp.o
[ 37%] Building CXX object _deps/acts-build/Core/CMakeFiles/ActsCore.dir/src/Material/MaterialMapUtils.cpp.o
[ 37%] Building CXX object _deps/acts-build/Core/CMakeFiles/ActsCore.dir/src/Material/MaterialMapper.cpp.o
[ 37%] Building CXX object _deps/acts-build/Core/CMakeFiles/ActsCore.dir/src/Material/MaterialSlab.cpp.o
[ 37%] Building CXX object _deps/acts-build/Core/CMakeFiles/ActsCore.dir/src/Material/MaterialValidater.cpp.o
[ 39%] Building CXX object _deps/acts-build/Core/CMakeFiles/ActsCore.dir/src/Material/ProtoVolumeMaterial.cpp.o
[ 39%] Building CXX object _deps/acts-build/Core/CMakeFiles/ActsCore.dir/src/Material/SurfaceMaterialMapper.cpp.o
[ 39%] Building CXX object _deps/acts-build/Core/CMakeFiles/ActsCore.dir/src/Material/VolumeMaterialMapper.cpp.o
[ 39%] Building CXX object _deps/acts-build/Core/CMakeFiles/ActsCore.dir/src/Navigation/NavigationStream.cpp.o
[ 39%] Building CXX object _deps/acts-build/Core/CMakeFiles/ActsCore.dir/src/Navigation/TryAllNavigationPolicy.cpp.o
[ 39%] Building CXX object _deps/acts-build/Core/CMakeFiles/ActsCore.dir/src/Navigation/SurfaceArrayNavigationPolicy.cpp.o
[ 39%] Building CXX object _deps/acts-build/Core/CMakeFiles/ActsCore.dir/src/Propagator/EigenStepperError.cpp.o
[ 40%] Building CXX object _deps/acts-build/Core/CMakeFiles/ActsCore.dir/src/Propagator/MultiStepperError.cpp.o
[ 40%] Building CXX object _deps/acts-build/Core/CMakeFiles/ActsCore.dir/src/Propagator/SympyStepper.cpp.o
[ 40%] Building CXX object _deps/acts-build/Core/CMakeFiles/ActsCore.dir/src/Propagator/PropagatorError.cpp.o
[ 40%] Building CXX object _deps/acts-build/Core/CMakeFiles/ActsCore.dir/src/Propagator/StraightLineStepper.cpp.o
[ 40%] Building CXX object _deps/acts-build/Core/CMakeFiles/ActsCore.dir/src/Propagator/detail/PointwiseMaterialInteraction.cpp.o
[ 40%] Building CXX object _deps/acts-build/Core/CMakeFiles/ActsCore.dir/src/Propagator/detail/CovarianceEngine.cpp.o
[ 40%] Building CXX object _deps/acts-build/Core/CMakeFiles/ActsCore.dir/src/Propagator/detail/JacobianEngine.cpp.o
[ 41%] Building CXX object _deps/acts-build/Core/CMakeFiles/ActsCore.dir/src/Propagator/detail/SympyCovarianceEngine.cpp.o
[ 41%] Building CXX object _deps/acts-build/Core/CMakeFiles/ActsCore.dir/src/Propagator/detail/SympyJacobianEngine.cpp.o
[ 41%] Building CXX object _deps/acts-build/Core/CMakeFiles/ActsCore.dir/src/Seeding/EstimateTrackParamsFromSeed.cpp.o
[ 41%] Building CXX object _deps/acts-build/Core/CMakeFiles/ActsCore.dir/src/Surfaces/AnnulusBounds.cpp.o
[ 41%] Building CXX object _deps/acts-build/Core/CMakeFiles/ActsCore.dir/src/Surfaces/BoundaryTolerance.cpp.o
[ 41%] Building CXX object _deps/acts-build/Core/CMakeFiles/ActsCore.dir/src/Surfaces/ConeBounds.cpp.o
[ 41%] Building CXX object _deps/acts-build/Core/CMakeFiles/ActsCore.dir/src/Surfaces/ConeSurface.cpp.o
[ 43%] Building CXX object _deps/acts-build/Core/CMakeFiles/ActsCore.dir/src/Surfaces/ConvexPolygonBounds.cpp.o
[ 43%] Building CXX object _deps/acts-build/Core/CMakeFiles/ActsCore.dir/src/Surfaces/CylinderBounds.cpp.o
[ 43%] Building CXX object _deps/acts-build/Core/CMakeFiles/ActsCore.dir/src/Surfaces/CylinderSurface.cpp.o
[ 43%] Building CXX object _deps/acts-build/Core/CMakeFiles/ActsCore.dir/src/Surfaces/DiamondBounds.cpp.o
[ 43%] Building CXX object _deps/acts-build/Core/CMakeFiles/ActsCore.dir/src/Surfaces/DiscSurface.cpp.o
[ 43%] Building CXX object _deps/acts-build/Core/CMakeFiles/ActsCore.dir/src/Surfaces/DiscTrapezoidBounds.cpp.o
[ 43%] Building CXX object _deps/acts-build/Core/CMakeFiles/ActsCore.dir/src/Surfaces/EllipseBounds.cpp.o
[ 44%] Building CXX object _deps/acts-build/Core/CMakeFiles/ActsCore.dir/src/Surfaces/IntersectionHelper2D.cpp.o
[ 44%] Building CXX object _deps/acts-build/Core/CMakeFiles/ActsCore.dir/src/Surfaces/LineBounds.cpp.o
[ 44%] Building CXX object _deps/acts-build/Core/CMakeFiles/ActsCore.dir/src/Surfaces/LineSurface.cpp.o
[ 44%] Building CXX object _deps/acts-build/Core/CMakeFiles/ActsCore.dir/src/Surfaces/PerigeeSurface.cpp.o
[ 44%] Building CXX object _deps/acts-build/Core/CMakeFiles/ActsCore.dir/src/Surfaces/PlaneSurface.cpp.o
[ 44%] Building CXX object _deps/acts-build/Core/CMakeFiles/ActsCore.dir/src/Surfaces/RadialBounds.cpp.o
[ 44%] Building CXX object _deps/acts-build/Core/CMakeFiles/ActsCore.dir/src/Surfaces/RectangleBounds.cpp.o
[ 45%] Building CXX object _deps/acts-build/Core/CMakeFiles/ActsCore.dir/src/Surfaces/StrawSurface.cpp.o
[ 45%] Building CXX object _deps/acts-build/Core/CMakeFiles/ActsCore.dir/src/Surfaces/Surface.cpp.o
[ 45%] Building CXX object _deps/acts-build/Core/CMakeFiles/ActsCore.dir/src/Surfaces/SurfaceArray.cpp.o
[ 45%] Building CXX object _deps/acts-build/Core/CMakeFiles/ActsCore.dir/src/Surfaces/SurfaceError.cpp.o
[ 45%] Building CXX object _deps/acts-build/Core/CMakeFiles/ActsCore.dir/src/Surfaces/TrapezoidBounds.cpp.o
[ 45%] Building CXX object _deps/acts-build/Core/CMakeFiles/ActsCore.dir/src/Surfaces/detail/VerticesHelper.cpp.o
[ 45%] Building CXX object _deps/acts-build/Core/CMakeFiles/ActsCore.dir/src/Surfaces/RegularSurface.cpp.o
[ 46%] Building CXX object _deps/acts-build/Core/CMakeFiles/ActsCore.dir/src/Surfaces/CurvilinearSurface.cpp.o
[ 46%] Building CXX object _deps/acts-build/Core/CMakeFiles/ActsCore.dir/src/Surfaces/detail/AlignmentHelper.cpp.o
[ 46%] Building CXX object _deps/acts-build/Core/CMakeFiles/ActsCore.dir/src/Surfaces/detail/AnnulusBoundsHelper.cpp.o
[ 46%] Building CXX object _deps/acts-build/Core/CMakeFiles/ActsCore.dir/src/Surfaces/detail/MergeHelper.cpp.o
[ 46%] Building CXX object _deps/acts-build/Core/CMakeFiles/ActsCore.dir/src/TrackFinding/CombinatorialKalmanFilterError.cpp.o
[ 46%] Building CXX object _deps/acts-build/Core/CMakeFiles/ActsCore.dir/src/TrackFinding/MeasurementSelector.cpp.o
[ 46%] Building CXX object _deps/acts-build/Core/CMakeFiles/ActsCore.dir/src/TrackFinding/GbtsConnector.cpp.o
[ 48%] Building CXX object _deps/acts-build/Core/CMakeFiles/ActsCore.dir/src/TrackFinding/RoiDescriptor.cpp.o
[ 48%] Building CXX object _deps/acts-build/Core/CMakeFiles/ActsCore.dir/src/TrackFinding/AmbiguityTrackClustering.cpp.o
[ 48%] Building CXX object _deps/acts-build/Core/CMakeFiles/ActsCore.dir/src/TrackFitting/KalmanFitterError.cpp.o
[ 48%] Building CXX object _deps/acts-build/Core/CMakeFiles/ActsCore.dir/src/TrackFitting/GainMatrixUpdater.cpp.o
[ 48%] Building CXX object _deps/acts-build/Core/CMakeFiles/ActsCore.dir/src/TrackFitting/GainMatrixSmoother.cpp.o
[ 48%] Building CXX object _deps/acts-build/Core/CMakeFiles/ActsCore.dir/src/TrackFitting/GlobalChiSquareFitterError.cpp.o
[ 48%] Building CXX object _deps/acts-build/Core/CMakeFiles/ActsCore.dir/src/TrackFitting/GsfError.cpp.o
[ 49%] Building CXX object _deps/acts-build/Core/CMakeFiles/ActsCore.dir/src/TrackFitting/GsfUtils.cpp.o
[ 49%] Building CXX object _deps/acts-build/Core/CMakeFiles/ActsCore.dir/src/TrackFitting/BetheHeitlerApprox.cpp.o
[ 49%] Building CXX object _deps/acts-build/Core/CMakeFiles/ActsCore.dir/src/TrackFitting/GsfMixtureReduction.cpp.o
[ 49%] Building CXX object _deps/acts-build/Core/CMakeFiles/ActsCore.dir/src/TrackFitting/GlobalChiSquareFitter.cpp.o
[ 49%] Building CXX object _deps/acts-build/Core/CMakeFiles/ActsCore.dir/src/TrackFitting/MbfSmoother.cpp.o
[ 49%] Building CXX object _deps/acts-build/Core/CMakeFiles/ActsCore.dir/src/TrackFitting/GainMatrixUpdaterImpl1.cpp.o
[ 49%] Building CXX object _deps/acts-build/Core/CMakeFiles/ActsCore.dir/src/TrackFitting/GainMatrixUpdaterImpl2.cpp.o
[ 50%] Building CXX object _deps/acts-build/Core/CMakeFiles/ActsCore.dir/src/TrackFitting/GainMatrixUpdaterImpl3.cpp.o
[ 50%] Building CXX object _deps/acts-build/Core/CMakeFiles/ActsCore.dir/src/TrackFitting/GainMatrixUpdaterImpl4.cpp.o
[ 50%] Building CXX object _deps/acts-build/Core/CMakeFiles/ActsCore.dir/src/TrackFitting/GainMatrixUpdaterImpl5.cpp.o
[ 50%] Building CXX object _deps/acts-build/Core/CMakeFiles/ActsCore.dir/src/TrackFitting/GainMatrixUpdaterImpl6.cpp.o
[ 50%] Building CXX object _deps/acts-build/Core/CMakeFiles/ActsCore.dir/src/Utilities/AnnealingUtility.cpp.o
[ 50%] Building CXX object _deps/acts-build/Core/CMakeFiles/ActsCore.dir/src/Utilities/Logger.cpp.o
[ 50%] Building CXX object _deps/acts-build/Core/CMakeFiles/ActsCore.dir/src/Utilities/SpacePointUtility.cpp.o
[ 51%] Building CXX object _deps/acts-build/Core/CMakeFiles/ActsCore.dir/src/Utilities/TrackHelpers.cpp.o
[ 51%] Building CXX object _deps/acts-build/Core/CMakeFiles/ActsCore.dir/src/Utilities/BinningType.cpp.o
[ 51%] Building CXX object _deps/acts-build/Core/CMakeFiles/ActsCore.dir/src/Utilities/Intersection.cpp.o
[ 51%] Building CXX object _deps/acts-build/Core/CMakeFiles/ActsCore.dir/src/Utilities/GraphViz.cpp.o
[ 51%] Building CXX object _deps/acts-build/Core/CMakeFiles/ActsCore.dir/src/Vertexing/AdaptiveGridTrackDensity.cpp.o
[ 51%] Building CXX object _deps/acts-build/Core/CMakeFiles/ActsCore.dir/src/Vertexing/KalmanVertexUpdater.cpp.o
[ 51%] Building CXX object _deps/acts-build/Core/CMakeFiles/ActsCore.dir/src/Vertexing/KalmanVertexUpdaterImpl3.cpp.o
[ 53%] Building CXX object _deps/acts-build/Core/CMakeFiles/ActsCore.dir/src/Vertexing/KalmanVertexUpdaterImpl4.cpp.o
[ 53%] Building CXX object _deps/acts-build/Core/CMakeFiles/ActsCore.dir/src/Vertexing/FsmwMode1dFinder.cpp.o
[ 53%] Building CXX object _deps/acts-build/Core/CMakeFiles/ActsCore.dir/src/Vertexing/VertexingError.cpp.o
[ 53%] Building CXX object _deps/acts-build/Core/CMakeFiles/ActsCore.dir/src/Vertexing/IterativeVertexFinder.cpp.o
[ 53%] Building CXX object _deps/acts-build/Core/CMakeFiles/ActsCore.dir/src/Vertexing/AdaptiveMultiVertexFitter.cpp.o
[ 53%] Building CXX object _deps/acts-build/Core/CMakeFiles/ActsCore.dir/src/Vertexing/AdaptiveGridDensityVertexFinder.cpp.o
[ 53%] Building CXX object _deps/acts-build/Core/CMakeFiles/ActsCore.dir/src/Vertexing/ZScanVertexFinder.cpp.o
[ 54%] Building CXX object _deps/acts-build/Core/CMakeFiles/ActsCore.dir/src/Vertexing/HelicalTrackLinearizer.cpp.o
[ 54%] Building CXX object _deps/acts-build/Core/CMakeFiles/ActsCore.dir/src/Vertexing/FullBilloirVertexFitter.cpp.o
[ 54%] Building CXX object _deps/acts-build/Core/CMakeFiles/ActsCore.dir/src/Vertexing/AdaptiveMultiVertexFinder.cpp.o
[ 54%] Building CXX object _deps/acts-build/Core/CMakeFiles/ActsCore.dir/src/Vertexing/Vertex.cpp.o
[ 54%] Building CXX object _deps/acts-build/Core/CMakeFiles/ActsCore.dir/src/Vertexing/NumericalTrackLinearizer.cpp.o
[ 54%] Building CXX object _deps/acts-build/Core/CMakeFiles/ActsCore.dir/src/Vertexing/TrackDensityVertexFinder.cpp.o
[ 54%] Building CXX object _deps/acts-build/Core/CMakeFiles/ActsCore.dir/src/Vertexing/GaussianTrackDensity.cpp.o
[ 55%] Building CXX object _deps/acts-build/Core/CMakeFiles/ActsCore.dir/src/Vertexing/ImpactPointEstimator.cpp.o
[ 55%] Building CXX object _deps/acts-build/Core/CMakeFiles/ActsCore.dir/src/Vertexing/GaussianGridTrackDensity.cpp.o
[ 55%] Building CXX object _deps/acts-build/Core/CMakeFiles/ActsCore.dir/src/Vertexing/GridDensityVertexFinder.cpp.o
[ 55%] Building CXX object _deps/acts-build/Core/CMakeFiles/ActsCore.dir/src/Visualization/GeometryView3D.cpp.o
[ 55%] Building CXX object _deps/acts-build/Core/CMakeFiles/ActsCore.dir/src/Visualization/EventDataView3D.cpp.o
[ 55%] Building CXX object _deps/acts-build/Core/CMakeFiles/ActsCore.dir/src/Visualization/ObjVisualization3D.cpp.o
[ 55%] Building CXX object _deps/acts-build/Core/CMakeFiles/ActsCore.dir/src/AmbiguityResolution/GreedyAmbiguityResolution.cpp.o
[ 56%] Building CXX object _deps/acts-build/Core/CMakeFiles/ActsCore.dir/src/AmbiguityResolution/ScoreBasedAmbiguityResolution.cpp.o
[ 56%] Linking CXX shared library ../lib/libActsCore.so
[ 56%] Built target ActsCore
[ 56%] Building CXX object _deps/acts-build/Plugins/Json/CMakeFiles/ActsPluginJson.dir/src/DetectorVolumeJsonConverter.cpp.o
[ 56%] Building CXX object _deps/acts-build/Plugins/Json/CMakeFiles/ActsPluginJson.dir/src/AlgebraJsonConverter.cpp.o
[ 56%] Building CXX object _deps/acts-build/Plugins/Json/CMakeFiles/ActsPluginJson.dir/src/DetectorJsonConverter.cpp.o
[ 56%] Building CXX object _deps/acts-build/Plugins/Json/CMakeFiles/ActsPluginJson.dir/src/GridJsonConverter.cpp.o
[ 58%] Building CXX object _deps/acts-build/Plugins/Json/CMakeFiles/ActsPluginJson.dir/src/ExtentJsonConverter.cpp.o
[ 58%] Building CXX object _deps/acts-build/Plugins/Json/CMakeFiles/ActsPluginJson.dir/src/DetectorVolumeFinderJsonConverter.cpp.o
[ 58%] Building CXX object _deps/acts-build/Plugins/Json/CMakeFiles/ActsPluginJson.dir/src/IndexedSurfacesJsonConverter.cpp.o
[ 58%] Building CXX object _deps/acts-build/Plugins/Json/CMakeFiles/ActsPluginJson.dir/src/MaterialMapJsonConverter.cpp.o
[ 58%] Building CXX object _deps/acts-build/Plugins/Json/CMakeFiles/ActsPluginJson.dir/src/JsonMaterialDecorator.cpp.o
[ 58%] Building CXX object core/CMakeFiles/traccc_core.dir/src/utils/logging.cpp.o
[ 58%] Building CXX object _deps/acts-build/Plugins/Json/CMakeFiles/ActsPluginJson.dir/src/MaterialJsonConverter.cpp.o
[ 58%] Building CXX object _deps/acts-build/Plugins/Json/CMakeFiles/ActsPluginJson.dir/src/PortalJsonConverter.cpp.o
[ 60%] Building CXX object _deps/acts-build/Plugins/Json/CMakeFiles/ActsPluginJson.dir/src/ProtoDetectorJsonConverter.cpp.o
[ 60%] Building CXX object _deps/acts-build/Plugins/Json/CMakeFiles/ActsPluginJson.dir/src/SurfaceBoundsJsonConverter.cpp.o
[ 60%] Building CXX object core/CMakeFiles/traccc_core.dir/src/clusterization/measurement_creation_algorithm.cpp.o
[ 60%] Building CXX object core/CMakeFiles/traccc_core.dir/src/clusterization/sparse_ccl_algorithm.cpp.o
[ 60%] Building CXX object core/CMakeFiles/traccc_core.dir/src/clusterization/measurement_sorting_algorithm.cpp.o
[ 60%] Building CXX object core/CMakeFiles/traccc_core.dir/src/clusterization/clusterization_algorithm.cpp.o
[ 60%] Building CXX object core/CMakeFiles/traccc_core.dir/src/finding/combinatorial_kalman_filter_algorithm.cpp.o
[ 60%] Building CXX object core/CMakeFiles/traccc_core.dir/src/finding/combinatorial_kalman_filter_algorithm_constant_field_default_detector.cpp.o
[ 60%] Building CXX object _deps/acts-build/Plugins/Json/CMakeFiles/ActsPluginJson.dir/src/SurfaceJsonConverter.cpp.o
[ 60%] Building CXX object core/CMakeFiles/traccc_core.dir/src/finding/combinatorial_kalman_filter_algorithm_constant_field_telescope_detector.cpp.o
[ 60%] Building CXX object _deps/acts-build/Plugins/Json/CMakeFiles/ActsPluginJson.dir/src/UtilitiesJsonConverter.cpp.o
[ 60%] Building CXX object core/CMakeFiles/traccc_core.dir/src/fitting/kalman_fitting_algorithm.cpp.o
[ 60%] Building CXX object _deps/acts-build/Plugins/Json/CMakeFiles/ActsPluginJson.dir/src/VolumeBoundsJsonConverter.cpp.o
[ 60%] Building CXX object _deps/acts-build/Plugins/Json/CMakeFiles/ActsPluginJson.dir/src/VolumeJsonConverter.cpp.o
[ 62%] Building CXX object core/CMakeFiles/traccc_core.dir/src/fitting/kalman_fitting_algorithm_constant_field_default_detector.cpp.o
[ 62%] Building CXX object _deps/acts-build/Plugins/Json/CMakeFiles/ActsPluginJson.dir/src/AmbiguityConfigJsonConverter.cpp.o
[ 62%] Building CXX object core/CMakeFiles/traccc_core.dir/src/fitting/kalman_fitting_algorithm_constant_field_telescope_detector.cpp.o
[ 62%] Building CXX object _deps/acts-build/Plugins/Json/CMakeFiles/ActsPluginJson.dir/src/DetrayJsonHelper.cpp.o
[ 63%] Building CXX object _deps/acts-build/Plugins/Json/CMakeFiles/ActsPluginJson.dir/src/JsonDetectorElement.cpp.o
[ 63%] Building CXX object _deps/acts-build/Plugins/Json/CMakeFiles/ActsPluginJson.dir/src/JsonSurfacesReader.cpp.o
[ 63%] Building CXX object core/CMakeFiles/traccc_core.dir/src/seeding/seed_filtering.cpp.o
[ 63%] Building CXX object core/CMakeFiles/traccc_core.dir/src/seeding/seeding_algorithm.cpp.o
[ 63%] Building CXX object core/CMakeFiles/traccc_core.dir/src/seeding/track_params_estimation.cpp.o
[ 63%] Building CXX object core/CMakeFiles/traccc_core.dir/src/seeding/seed_finding.cpp.o
[ 63%] Building CXX object core/CMakeFiles/traccc_core.dir/src/seeding/spacepoint_binning.cpp.o
[ 64%] Building CXX object core/CMakeFiles/traccc_core.dir/src/seeding/silicon_pixel_spacepoint_formation_algorithm.cpp.o
[ 64%] Building CXX object core/CMakeFiles/traccc_core.dir/src/seeding/silicon_pixel_spacepoint_formation_algorithm_defdet.cpp.o
[ 64%] Building CXX object core/CMakeFiles/traccc_core.dir/src/seeding/silicon_pixel_spacepoint_formation_algorithm_teldet.cpp.o
[ 64%] Building CXX object core/CMakeFiles/traccc_core.dir/src/ambiguity_resolution/greedy_ambiguity_resolution_algorithm.cpp.o
[ 64%] Linking CXX shared library ../lib/libtraccc_core.so
[ 64%] Built target traccc_core
[ 64%] Building CXX object examples/tools/CMakeFiles/traccc_convert_csv_bfield.dir/convert_csv_bfield.cpp.o
[ 64%] Building CXX object device/cuda/CMakeFiles/traccc_cuda.dir/src/utils/cuda_error_handling.cpp.o
[ 64%] Building CXX object device/cuda/CMakeFiles/traccc_cuda.dir/src/utils/utils.cpp.o
[ 64%] Building CXX object device/cuda/CMakeFiles/traccc_cuda.dir/src/utils/opaque_stream.cpp.o
[ 64%] Building CUDA object device/cuda/CMakeFiles/traccc_cuda.dir/src/seeding/spacepoint_binning.cu.o
[ 64%] Building CXX object examples/run/cpu/CMakeFiles/traccc_examples_cpu.dir/full_chain_algorithm.cpp.o
[ 65%] Building CXX object device/cuda/CMakeFiles/traccc_cuda.dir/src/utils/stream.cpp.o
[ 65%] Building CXX object examples/tools/CMakeFiles/traccc_generate_constant_bfield.dir/generate_constant_bfield.cpp.o
[ 65%] Building CXX object device/cuda/CMakeFiles/traccc_cuda.dir/src/seeding/seeding_algorithm.cpp.o
[ 65%] Building CUDA object device/cuda/CMakeFiles/traccc_cuda.dir/src/seeding/track_params_estimation.cu.o
[ 65%] Building CUDA object device/cuda/CMakeFiles/traccc_cuda.dir/src/utils/make_prefix_sum_buff.cu.o
[ 67%] Building CUDA object device/cuda/CMakeFiles/traccc_cuda.dir/src/seeding/spacepoint_formation_algorithm.cu.o
[ 67%] Building CUDA object device/cuda/CMakeFiles/traccc_cuda.dir/src/seeding/seed_finding.cu.o
[ 67%] Building CUDA object device/cuda/CMakeFiles/traccc_cuda.dir/src/clusterization/clusterization_algorithm.cu.o
[ 67%] Building CUDA object device/cuda/CMakeFiles/traccc_cuda.dir/src/clusterization/measurement_sorting_algorithm.cu.o
[ 67%] Building CUDA object device/cuda/CMakeFiles/traccc_cuda.dir/src/clusterization/kernels/ccl_kernel.cu.o
[ 67%] Building CUDA object device/cuda/CMakeFiles/traccc_cuda.dir/src/finding/finding_algorithm.cu.o
[ 68%] Building CUDA object device/cuda/CMakeFiles/traccc_cuda.dir/src/finding/kernels/make_barcode_sequence.cu.o
[ 68%] Building CUDA object device/cuda/CMakeFiles/traccc_cuda.dir/src/finding/kernels/fill_sort_keys.cu.o
[ 68%] Building CUDA object device/cuda/CMakeFiles/traccc_cuda.dir/src/finding/kernels/prune_tracks.cu.o
[ 68%] Linking CXX executable ../../bin/traccc_generate_constant_bfield
[ 68%] Built target traccc_generate_constant_bfield
[ 68%] Building CUDA object device/cuda/CMakeFiles/traccc_cuda.dir/src/finding/kernels/build_tracks.cu.o
[ 68%] Linking CXX executable ../../bin/traccc_convert_csv_bfield
[ 68%] Built target traccc_convert_csv_bfield
[ 68%] Building CUDA object device/cuda/CMakeFiles/traccc_cuda.dir/src/finding/kernels/specializations/find_tracks_default_detector.cu.o
[ 68%] Building CUDA object device/cuda/CMakeFiles/traccc_cuda.dir/src/finding/kernels/specializations/apply_interaction_default_detector.cu.o
[ 68%] Linking CXX static library ../../../lib/libtraccc_examples_cpu.a
[ 68%] Building CUDA object device/cuda/CMakeFiles/traccc_cuda.dir/src/finding/kernels/specializations/propagate_to_next_surface_default_detector.cu.o
[ 68%] Built target traccc_examples_cpu
[ 69%] Building CUDA object device/cuda/CMakeFiles/traccc_cuda.dir/src/finding/kernels/specializations/propagate_stage1_default_detector.cu.o
[ 69%] Building CUDA object device/cuda/CMakeFiles/traccc_cuda.dir/src/finding/kernels/specializations/propagate_stage2_default_detector.cu.o
/home/noah/project/traccc/device/cuda/src/finding/finding_algorithm.cu(377): error: no suitable conversion function from "traccc::cuda::stream" to "CUstream_st *" exists
                      <<<nBlocks, nThreads, 0, m_stream>>>(
                                               ^

1 error detected in the compilation of "/home/noah/project/traccc/device/cuda/src/finding/finding_algorithm.cu".
gmake[2]: *** [device/cuda/CMakeFiles/traccc_cuda.dir/build.make:270: device/cuda/CMakeFiles/traccc_cuda.dir/src/finding/finding_algorithm.cu.o] Error 2
gmake[2]: *** Waiting for unfinished jobs....
[ 69%] Linking CXX shared library ../../lib/libActsPluginJson.so
[ 69%] Built target ActsPluginJson
[ 69%] Building CXX object io/CMakeFiles/traccc_io.dir/src/data_format.cpp.o
[ 69%] Building CXX object io/CMakeFiles/traccc_io.dir/src/read_detector.cpp.o
[ 70%] Building CXX object io/CMakeFiles/traccc_io.dir/src/read_digitization_config.cpp.o
[ 70%] Building CXX object io/CMakeFiles/traccc_io.dir/src/read_cells.cpp.o
[ 70%] Building CXX object io/CMakeFiles/traccc_io.dir/src/read_detector_description.cpp.o
[ 70%] Building CXX object io/CMakeFiles/traccc_io.dir/src/read_particles.cpp.o
[ 70%] Building CXX object io/CMakeFiles/traccc_io.dir/src/read_measurements.cpp.o
[ 70%] Building CXX object io/CMakeFiles/traccc_io.dir/src/read_spacepoints.cpp.o
[ 70%] Building CXX object io/CMakeFiles/traccc_io.dir/src/read_geometry.cpp.o
[ 70%] Building CXX object io/CMakeFiles/traccc_io.dir/src/utils.cpp.o
[ 70%] Building CXX object io/CMakeFiles/traccc_io.dir/src/write.cpp.o
[ 72%] Building CXX object io/CMakeFiles/traccc_io.dir/src/details/read_surfaces.cpp.o
[ 72%] Building CXX object io/CMakeFiles/traccc_io.dir/src/csv/make_surface_reader.cpp.o
[ 72%] Building CXX object io/CMakeFiles/traccc_io.dir/src/csv/read_surfaces.cpp.o
[ 72%] Building CXX object io/CMakeFiles/traccc_io.dir/src/csv/make_cell_reader.cpp.o
[ 72%] Building CXX object io/CMakeFiles/traccc_io.dir/src/csv/read_cells.cpp.o
[ 72%] Building CXX object io/CMakeFiles/traccc_io.dir/src/csv/write_cells.cpp.o
[ 72%] Building CXX object io/CMakeFiles/traccc_io.dir/src/csv/read_spacepoints.cpp.o
[ 73%] Building CXX object io/CMakeFiles/traccc_io.dir/src/csv/make_measurement_reader.cpp.o
[ 73%] Building CXX object io/CMakeFiles/traccc_io.dir/src/csv/read_measurements.cpp.o
[ 73%] Building CXX object io/CMakeFiles/traccc_io.dir/src/csv/make_measurement_edm.cpp.o
[ 73%] Building CXX object io/CMakeFiles/traccc_io.dir/src/csv/make_measurement_hit_id_reader.cpp.o
[ 73%] Building CXX object io/CMakeFiles/traccc_io.dir/src/csv/make_hit_reader.cpp.o
[ 73%] Building CXX object io/CMakeFiles/traccc_io.dir/src/csv/make_particle_reader.cpp.o
[ 73%] Building CXX object io/CMakeFiles/traccc_io.dir/src/csv/read_particles.cpp.o
[ 74%] Building CXX object io/CMakeFiles/traccc_io.dir/src/json/read_digitization_config.cpp.o
[ 74%] Building CXX object io/CMakeFiles/traccc_io.dir/src/json/write_digitization_config.cpp.o
[ 74%] Building CXX object io/CMakeFiles/traccc_io.dir/src/obj/write_seeds.cpp.o
[ 74%] Building CXX object io/CMakeFiles/traccc_io.dir/src/obj/write_spacepoints.cpp.o
[ 74%] Building CXX object io/CMakeFiles/traccc_io.dir/src/obj/write_track_candidates.cpp.o
[ 74%] Linking CXX shared library ../lib/libtraccc_io.so
[ 74%] Built target traccc_io
[ 74%] Building CXX object performance/CMakeFiles/traccc_performance.dir/src/efficiency/seeding_performance_writer.cpp.o
[ 74%] Building CXX object tests/CMakeFiles/traccc_tests_common.dir/common/tests/kalman_fitting_momentum_resolution_test.cpp.o
[ 75%] Building CXX object performance/CMakeFiles/traccc_performance.dir/src/efficiency/track_filter.cpp.o
[ 75%] Building CXX object performance/CMakeFiles/traccc_performance.dir/src/resolution/fitting_performance_writer.cpp.o
[ 75%] Building CXX object performance/CMakeFiles/traccc_performance.dir/src/resolution/stat_plot_tool.cpp.o
[ 75%] Building CXX object performance/CMakeFiles/traccc_performance.dir/src/utils/helpers.cpp.o
[ 75%] Building CXX object tests/CMakeFiles/traccc_tests_common.dir/common/tests/kalman_fitting_test.cpp.o
[ 75%] Building CXX object performance/CMakeFiles/traccc_performance.dir/src/resolution/res_plot_tool.cpp.o
[ 75%] Building CXX object performance/CMakeFiles/traccc_performance.dir/src/efficiency/finding_performance_writer.cpp.o
[ 75%] Building CXX object performance/CMakeFiles/traccc_performance.dir/src/efficiency/nseed_performance_writer.cpp.o
[ 75%] Building CXX object performance/CMakeFiles/traccc_performance.dir/src/efficiency/track_matcher.cpp.o
[ 75%] Building CXX object benchmarks/cpu/CMakeFiles/traccc_benchmark_cpu.dir/toy_detector_cpu.cpp.o
[ 75%] Building CXX object performance/CMakeFiles/traccc_performance.dir/src/utils/event_data.cpp.o
[ 77%] Building CXX object performance/CMakeFiles/traccc_performance.dir/src/performance/details/is_same_angle.cpp.o
[ 77%] Building CXX object performance/CMakeFiles/traccc_performance.dir/src/performance/details/is_same_scalar.cpp.o
[ 77%] Building CXX object performance/CMakeFiles/traccc_performance.dir/src/performance/details/is_same_object.cpp.o
[ 77%] Building CXX object performance/CMakeFiles/traccc_performance.dir/src/performance/timer.cpp.o
[ 77%] Building CXX object performance/CMakeFiles/traccc_performance.dir/src/performance/timing_info.cpp.o
[ 77%] Building CXX object performance/CMakeFiles/traccc_performance.dir/src/performance/throughput.cpp.o
[ 77%] Linking CXX shared library ../lib/libtraccc_performance.so
[ 77%] Built target traccc_performance
[ 77%] Building CXX object examples/options/CMakeFiles/traccc_options.dir/src/details/interface.cpp.o
[ 77%] Building CXX object examples/options/CMakeFiles/traccc_options.dir/src/clusterization.cpp.o
[ 77%] Building CXX object examples/options/CMakeFiles/traccc_options.dir/src/generation.cpp.o
[ 78%] Building CXX object examples/options/CMakeFiles/traccc_options.dir/src/input_data.cpp.o
[ 78%] Building CXX object examples/options/CMakeFiles/traccc_options.dir/src/detector.cpp.o
[ 78%] Building CXX object examples/options/CMakeFiles/traccc_options.dir/src/output_data.cpp.o
[ 78%] Building CXX object examples/options/CMakeFiles/traccc_options.dir/src/accelerator.cpp.o
[ 78%] Building CXX object examples/options/CMakeFiles/traccc_options.dir/src/performance.cpp.o
[ 78%] Building CXX object examples/options/CMakeFiles/traccc_options.dir/src/telescope_detector.cpp.o
[ 79%] Building CXX object examples/options/CMakeFiles/traccc_options.dir/src/program_options.cpp.o
[ 79%] Building CXX object examples/options/CMakeFiles/traccc_options.dir/src/threading.cpp.o
[ 79%] Building CXX object examples/options/CMakeFiles/traccc_options.dir/src/throughput.cpp.o
[ 79%] Building CXX object examples/options/CMakeFiles/traccc_options.dir/src/track_finding.cpp.o
[ 79%] Building CXX object examples/options/CMakeFiles/traccc_options.dir/src/track_fitting.cpp.o
[ 79%] Building CXX object examples/options/CMakeFiles/traccc_options.dir/src/track_propagation.cpp.o
[ 81%] Building CXX object examples/options/CMakeFiles/traccc_options.dir/src/track_resolution.cpp.o
[ 81%] Building CXX object examples/options/CMakeFiles/traccc_options.dir/src/track_seeding.cpp.o
[ 81%] Building CXX object examples/options/CMakeFiles/traccc_options.dir/src/truth_finding.cpp.o
In file included from /home/noah/.local/src/miniconda3/envs/traccc_env/lib/gcc/x86_64-conda-linux-gnu/13.3.0/include/c++/bits/specfun.h:43,
                 from /home/noah/.local/src/miniconda3/envs/traccc_env/lib/gcc/x86_64-conda-linux-gnu/13.3.0/include/c++/cmath:3699,
                 from /home/noah/project/traccc/tests/common/tests/kalman_fitting_momentum_resolution_test.cpp:8:
In static member function 'static void std::__copy_move<false, false, std::random_access_iterator_tag>::__assign_one(_Tp*, _Up*) [with _Tp = float; _Up = const float]',
    inlined from 'static constexpr _Up* std::__copy_move<_IsMove, true, std::random_access_iterator_tag>::__copy_m(_Tp*, _Tp*, _Up*) [with _Tp = const float; _Up = float; bool _IsMove = false]' at /home/noah/.local/src/miniconda3/envs/traccc_env/lib/gcc/x86_64-conda-linux-gnu/13.3.0/include/c++/bits/stl_algobase.h:440:20,
    inlined from 'constexpr _OI std::__copy_move_a2(_II, _II, _OI) [with bool _IsMove = false; _II = const float*; _OI = float*]' at /home/noah/.local/src/miniconda3/envs/traccc_env/lib/gcc/x86_64-conda-linux-gnu/13.3.0/include/c++/bits/stl_algobase.h:506:30,
    inlined from 'constexpr _OI std::__copy_move_a1(_II, _II, _OI) [with bool _IsMove = false; _II = const float*; _OI = float*]' at /home/noah/.local/src/miniconda3/envs/traccc_env/lib/gcc/x86_64-conda-linux-gnu/13.3.0/include/c++/bits/stl_algobase.h:533:42,
    inlined from 'constexpr _OI std::__copy_move_a(_II, _II, _OI) [with bool _IsMove = false; _II = __gnu_cxx::__normal_iterator<const float*, vector<float, allocator<float> > >; _OI = float*]' at /home/noah/.local/src/miniconda3/envs/traccc_env/lib/gcc/x86_64-conda-linux-gnu/13.3.0/include/c++/bits/stl_algobase.h:540:31,
    inlined from 'constexpr _OI std::copy(_II, _II, _OI) [with _II = __gnu_cxx::__normal_iterator<const float*, vector<float, allocator<float> > >; _OI = float*]' at /home/noah/.local/src/miniconda3/envs/traccc_env/lib/gcc/x86_64-conda-linux-gnu/13.3.0/include/c++/bits/stl_algobase.h:633:7,
    inlined from 'static _ForwardIterator std::__uninitialized_copy<true>::__uninit_copy(_InputIterator, _InputIterator, _ForwardIterator) [with _InputIterator = __gnu_cxx::__normal_iterator<const float*, std::vector<float, std::allocator<float> > >; _ForwardIterator = float*]' at /home/noah/.local/src/miniconda3/envs/traccc_env/lib/gcc/x86_64-conda-linux-gnu/13.3.0/include/c++/bits/stl_uninitialized.h:147:27,
    inlined from '_ForwardIterator std::uninitialized_copy(_InputIterator, _InputIterator, _ForwardIterator) [with _InputIterator = __gnu_cxx::__normal_iterator<const float*, vector<float, allocator<float> > >; _ForwardIterator = float*]' at /home/noah/.local/src/miniconda3/envs/traccc_env/lib/gcc/x86_64-conda-linux-gnu/13.3.0/include/c++/bits/stl_uninitialized.h:185:15,
    inlined from 'constexpr _ForwardIterator std::__uninitialized_copy_a(_InputIterator, _InputIterator, _ForwardIterator, allocator<_Tp>&) [with _InputIterator = __gnu_cxx::__normal_iterator<const float*, vector<float, allocator<float> > >; _ForwardIterator = float*; _Tp = float]' at /home/noah/.local/src/miniconda3/envs/traccc_env/lib/gcc/x86_64-conda-linux-gnu/13.3.0/include/c++/bits/stl_uninitialized.h:373:37,
    inlined from 'constexpr std::vector<_Tp, _Alloc>::vector(const std::vector<_Tp, _Alloc>&) [with _Tp = float; _Alloc = std::allocator<float>]' at /home/noah/.local/src/miniconda3/envs/traccc_env/lib/gcc/x86_64-conda-linux-gnu/13.3.0/include/c++/bits/stl_vector.h:606:31,
    inlined from 'std::__detail::__unique_ptr_t<_Tp> std::make_unique(_Args&& ...) [with _Tp = detray::telescope_generator<detray::detector<detray::telescope_metadata<algebra::plugin::array<float>, detray::rectangle2D>, detray::container_types<> >, detray::rectangle2D, detray::detail::helix<algebra::plugin::array<float> > >; _Args = {const vector<float, allocator<float> >&, const array<float, 2>&, const detray::detail::helix<algebra::plugin::array<float> >&}]' at /home/noah/.local/src/miniconda3/envs/traccc_env/lib/gcc/x86_64-conda-linux-gnu/13.3.0/include/c++/bits/unique_ptr.h:1070:30,
    inlined from 'auto detray::build_telescope_detector(vecmem::memory_resource&, const {anonymous}::tel_det_config<algebra_t, shape_t, trajectory_t>&) [with algebra_t = algebra::plugin::array<float>; mask_shape_t = rectangle2D; trajectory_t = detail::helix]' at /home/noah/project/traccc/build/_deps/detray-src/tests/include/detray/test/utils/detectors/build_telescope_detector.hpp:226:23,
    inlined from 'virtual void traccc::KalmanFittingMomentumResolutionTests::SetUp()' at /home/noah/project/traccc/tests/common/tests/kalman_fitting_momentum_resolution_test.cpp:151:69:
/home/noah/.local/src/miniconda3/envs/traccc_env/lib/gcc/x86_64-conda-linux-gnu/13.3.0/include/c++/bits/stl_algobase.h:398:17: warning: potential null pointer dereference [-Wnull-dereference]
  398 |         { *__to = *__from; }
      |           ~~~~~~^~~~~~~~~
gmake[1]: *** [CMakeFiles/Makefile2:4704: device/cuda/CMakeFiles/traccc_cuda.dir/all] Error 2
gmake[1]: *** Waiting for unfinished jobs....
[ 81%] Linking CXX static library ../lib/libtraccc_tests_common.a
[ 81%] Built target traccc_tests_common
[ 81%] Linking CXX shared library ../../lib/libtraccc_options.so
[ 81%] Built target traccc_options
[ 82%] Linking CXX executable ../../bin/traccc_benchmark_cpu
[ 82%] Built target traccc_benchmark_cpu
gmake: *** [Makefile:166: all] Error 2
